<?xml version="1.0" encoding="UTF-8"?>
<coverage generated="1779829780340" clover="3.2.0">
  <project timestamp="1779829780340" name="All files">
    <metrics statements="78" coveredstatements="77" conditionals="28" coveredconditionals="23" methods="8" coveredmethods="7" elements="114" coveredelements="107" complexity="0" loc="78" ncloc="78" packages="1" files="1" classes="1"/>
    <file name="index.ts" path="C:\Users\1gren\Documents\SIGD_Empresarial\src\ModuloBusqueda\index.ts">
      <metrics statements="78" coveredstatements="77" conditionals="28" coveredconditionals="23" methods="8" coveredmethods="7"/>
      <line num="7" count="4" type="stmt"/>
      <line num="8" count="4" type="stmt"/>
      <line num="9" count="4" type="stmt"/>
      <line num="10" count="4" type="stmt"/>
      <line num="11" count="4" type="stmt"/>
      <line num="16" count="4" type="stmt"/>
      <line num="24" count="4" type="stmt"/>
      <line num="26" count="4" type="stmt"/>
      <line num="29" count="4" type="stmt"/>
      <line num="30" count="28" type="stmt"/>
      <line num="31" count="28" type="stmt"/>
      <line num="32" count="28" type="stmt"/>
      <line num="33" count="28" type="cond" truecount="1" falsecount="1"/>
      <line num="34" count="0" type="stmt"/>
      <line num="36" count="28" type="stmt"/>
      <line num="42" count="4" type="stmt"/>
      <line num="43" count="28" type="stmt"/>
      <line num="44" count="28" type="stmt"/>
      <line num="45" count="28" type="stmt"/>
      <line num="52" count="28" type="stmt"/>
      <line num="74" count="4" type="stmt"/>
      <line num="95" count="4" type="stmt"/>
      <line num="101" count="4" type="cond" truecount="2" falsecount="0"/>
      <line num="107" count="4" type="stmt"/>
      <line num="168" count="4" type="stmt"/>
      <line num="169" count="4" type="stmt"/>
      <line num="239" count="4" type="stmt"/>
      <line num="240" count="10" type="stmt"/>
      <line num="241" count="10" type="stmt"/>
      <line num="243" count="10" type="cond" truecount="6" falsecount="0"/>
      <line num="244" count="6" type="stmt"/>
      <line num="248" count="6" type="stmt"/>
      <line num="251" count="4" type="stmt"/>
      <line num="264" count="4" type="stmt"/>
      <line num="266" count="2" type="stmt"/>
      <line num="273" count="2" type="stmt"/>
      <line num="274" count="2" type="cond" truecount="1" falsecount="0"/>
      <line num="275" count="1" type="stmt"/>
      <line num="276" count="1" type="stmt"/>
      <line num="278" count="1" type="stmt"/>
      <line num="279" count="1" type="stmt"/>
      <line num="286" count="4" type="stmt"/>
      <line num="287" count="16" type="stmt"/>
      <line num="344" count="4" type="stmt"/>
      <line num="345" count="10" type="stmt"/>
      <line num="346" count="10" type="stmt"/>
      <line num="347" count="10" type="stmt"/>
      <line num="349" count="10" type="cond" truecount="1" falsecount="0"/>
      <line num="350" count="1" type="stmt"/>
      <line num="351" count="1" type="stmt"/>
      <line num="354" count="9" type="cond" truecount="1" falsecount="0"/>
      <line num="355" count="2" type="stmt"/>
      <line num="356" count="2" type="stmt"/>
      <line num="359" count="7" type="cond" truecount="1" falsecount="0"/>
      <line num="360" count="1" type="stmt"/>
      <line num="361" count="1" type="stmt"/>
      <line num="364" count="6" type="stmt"/>
      <line num="365" count="6" type="stmt"/>
      <line num="366" count="6" type="stmt"/>
      <line num="376" count="5" type="stmt"/>
      <line num="379" count="1" type="stmt"/>
      <line num="380" count="1" type="stmt"/>
      <line num="432" count="4" type="stmt"/>
      <line num="433" count="8" type="stmt"/>
      <line num="434" count="8" type="stmt"/>
      <line num="435" count="8" type="stmt"/>
      <line num="437" count="8" type="cond" truecount="1" falsecount="0"/>
      <line num="438" count="1" type="stmt"/>
      <line num="439" count="1" type="stmt"/>
      <line num="442" count="7" type="stmt"/>
      <line num="444" count="7" type="cond" truecount="2" falsecount="0"/>
      <line num="448" count="7" type="stmt"/>
      <line num="450" count="6" type="cond" truecount="1" falsecount="0"/>
      <line num="451" count="2" type="stmt"/>
      <line num="452" count="2" type="stmt"/>
      <line num="455" count="4" type="stmt"/>
      <line num="458" count="1" type="stmt"/>
      <line num="459" count="1" type="stmt"/>
    </file>
  </project>
</coverage>
