{"C:\\Users\\1gren\\Documents\\SIGD_Empresarial\\src\\ModuloBusqueda\\index.ts": {"path":"C:\\Users\\1gren\\Documents\\SIGD_Empresarial\\src\\ModuloBusqueda\\index.ts","statementMap":{"0":{"start":{"line":286,"column":0},"end":{"line":286,"column":16}},"1":{"start":{"line":7,"column":0},"end":{"line":7,"column":53}},"2":{"start":{"line":8,"column":0},"end":{"line":8,"column":54}},"3":{"start":{"line":9,"column":0},"end":{"line":9,"column":43}},"4":{"start":{"line":10,"column":0},"end":{"line":10,"column":41}},"5":{"start":{"line":11,"column":0},"end":{"line":11,"column":24}},"6":{"start":{"line":16,"column":13},"end":{"line":21,"column":3}},"7":{"start":{"line":24,"column":13},"end":{"line":24,"column":29}},"8":{"start":{"line":26,"column":0},"end":{"line":26,"column":24}},"9":{"start":{"line":29,"column":0},"end":{"line":38,"column":3}},"10":{"start":{"line":30,"column":2},"end":{"line":30,"column":52}},"11":{"start":{"line":31,"column":2},"end":{"line":31,"column":90}},"12":{"start":{"line":32,"column":2},"end":{"line":32,"column":95}},"13":{"start":{"line":33,"column":2},"end":{"line":37,"column":3}},"14":{"start":{"line":34,"column":4},"end":{"line":34,"column":24}},"15":{"start":{"line":36,"column":4},"end":{"line":36,"column":11}},"16":{"start":{"line":42,"column":0},"end":{"line":53,"column":3}},"17":{"start":{"line":43,"column":16},"end":{"line":43,"column":26}},"18":{"start":{"line":44,"column":2},"end":{"line":51,"column":5}},"19":{"start":{"line":45,"column":4},"end":{"line":50,"column":23}},"20":{"start":{"line":52,"column":2},"end":{"line":52,"column":9}},"21":{"start":{"line":74,"column":23},"end":{"line":91,"column":null}},"22":{"start":{"line":95,"column":0},"end":{"line":98,"column":2}},"23":{"start":{"line":101,"column":13},"end":{"line":102,"column":66}},"24":{"start":{"line":107,"column":20},"end":{"line":166,"column":2}},"25":{"start":{"line":168,"column":0},"end":{"line":168,"column":69}},"26":{"start":{"line":169,"column":0},"end":{"line":169,"column":60}},"27":{"start":{"line":169,"column":37},"end":{"line":169,"column":58}},"28":{"start":{"line":239,"column":0},"end":{"line":281,"column":3}},"29":{"start":{"line":240,"column":2},"end":{"line":280,"column":3}},"30":{"start":{"line":241,"column":125},"end":{"line":241,"column":133}},"31":{"start":{"line":243,"column":4},"end":{"line":249,"column":5}},"32":{"start":{"line":244,"column":6},"end":{"line":247,"column":9}},"33":{"start":{"line":248,"column":6},"end":{"line":248,"column":13}},"34":{"start":{"line":251,"column":26},"end":{"line":262,"column":6}},"35":{"start":{"line":264,"column":4},"end":{"line":264,"column":31}},"36":{"start":{"line":266,"column":4},"end":{"line":270,"column":7}},"37":{"start":{"line":273,"column":16},"end":{"line":273,"column":60}},"38":{"start":{"line":274,"column":4},"end":{"line":277,"column":5}},"39":{"start":{"line":275,"column":6},"end":{"line":275,"column":91}},"40":{"start":{"line":276,"column":6},"end":{"line":276,"column":13}},"41":{"start":{"line":278,"column":4},"end":{"line":278,"column":71}},"42":{"start":{"line":279,"column":4},"end":{"line":279,"column":106}},"43":{"start":{"line":287,"column":2},"end":{"line":287,"column":53}},"44":{"start":{"line":344,"column":0},"end":{"line":382,"column":3}},"45":{"start":{"line":345,"column":2},"end":{"line":381,"column":3}},"46":{"start":{"line":346,"column":19},"end":{"line":346,"column":64}},"47":{"start":{"line":347,"column":23},"end":{"line":347,"column":70}},"48":{"start":{"line":349,"column":4},"end":{"line":352,"column":5}},"49":{"start":{"line":350,"column":6},"end":{"line":350,"column":97}},"50":{"start":{"line":351,"column":6},"end":{"line":351,"column":13}},"51":{"start":{"line":354,"column":4},"end":{"line":357,"column":5}},"52":{"start":{"line":355,"column":6},"end":{"line":355,"column":123}},"53":{"start":{"line":356,"column":6},"end":{"line":356,"column":13}},"54":{"start":{"line":359,"column":4},"end":{"line":362,"column":5}},"55":{"start":{"line":360,"column":6},"end":{"line":360,"column":126}},"56":{"start":{"line":361,"column":6},"end":{"line":361,"column":13}},"57":{"start":{"line":364,"column":23},"end":{"line":364,"column":41}},"58":{"start":{"line":365,"column":23},"end":{"line":365,"column":59}},"59":{"start":{"line":366,"column":23},"end":{"line":374,"column":6}},"60":{"start":{"line":376,"column":4},"end":{"line":376,"column":88}},"61":{"start":{"line":379,"column":4},"end":{"line":379,"column":95}},"62":{"start":{"line":380,"column":4},"end":{"line":380,"column":119}},"63":{"start":{"line":432,"column":0},"end":{"line":461,"column":3}},"64":{"start":{"line":433,"column":2},"end":{"line":460,"column":3}},"65":{"start":{"line":434,"column":19},"end":{"line":434,"column":29}},"66":{"start":{"line":435,"column":23},"end":{"line":435,"column":70}},"67":{"start":{"line":437,"column":4},"end":{"line":440,"column":5}},"68":{"start":{"line":438,"column":6},"end":{"line":438,"column":97}},"69":{"start":{"line":439,"column":6},"end":{"line":439,"column":13}},"70":{"start":{"line":442,"column":23},"end":{"line":442,"column":39}},"71":{"start":{"line":444,"column":19},"end":{"line":446,"column":73}},"72":{"start":{"line":448,"column":22},"end":{"line":448,"column":52}},"73":{"start":{"line":450,"column":4},"end":{"line":453,"column":5}},"74":{"start":{"line":451,"column":6},"end":{"line":451,"column":112}},"75":{"start":{"line":452,"column":6},"end":{"line":452,"column":13}},"76":{"start":{"line":455,"column":4},"end":{"line":455,"column":61}},"77":{"start":{"line":458,"column":4},"end":{"line":458,"column":105}},"78":{"start":{"line":459,"column":4},"end":{"line":459,"column":122}}},"fnMap":{"0":{"name":"(anonymous_10)","decl":{"start":{"line":29,"column":8},"end":{"line":29,"column":9}},"loc":{"start":{"line":29,"column":27},"end":{"line":38,"column":1}}},"1":{"name":"(anonymous_11)","decl":{"start":{"line":42,"column":8},"end":{"line":42,"column":9}},"loc":{"start":{"line":42,"column":27},"end":{"line":53,"column":1}}},"2":{"name":"(anonymous_12)","decl":{"start":{"line":44,"column":19},"end":{"line":44,"column":22}},"loc":{"start":{"line":44,"column":24},"end":{"line":51,"column":3}}},"3":{"name":"(anonymous_13)","decl":{"start":{"line":169,"column":22},"end":{"line":169,"column":23}},"loc":{"start":{"line":169,"column":37},"end":{"line":169,"column":58}}},"4":{"name":"(anonymous_14)","decl":{"start":{"line":239,"column":21},"end":{"line":239,"column":26}},"loc":{"start":{"line":239,"column":59},"end":{"line":281,"column":1}}},"5":{"name":"escapeRegex","decl":{"start":{"line":286,"column":16},"end":{"line":286,"column":27}},"loc":{"start":{"line":286,"column":40},"end":{"line":288,"column":1}}},"6":{"name":"(anonymous_16)","decl":{"start":{"line":344,"column":19},"end":{"line":344,"column":24}},"loc":{"start":{"line":344,"column":57},"end":{"line":382,"column":1}}},"7":{"name":"(anonymous_17)","decl":{"start":{"line":432,"column":26},"end":{"line":432,"column":31}},"loc":{"start":{"line":432,"column":64},"end":{"line":461,"column":1}}}},"branchMap":{"0":{"loc":{"start":{"line":17,"column":9},"end":{"line":17,"column":43}},"type":"binary-expr","locations":[{"start":{"line":17,"column":9},"end":{"line":17,"column":33}},{"start":{"line":17,"column":37},"end":{"line":17,"column":43}}]},"1":{"loc":{"start":{"line":18,"column":13},"end":{"line":20,"column":60}},"type":"cond-expr","locations":[{"start":{"line":19,"column":6},"end":{"line":19,"column":15}},{"start":{"line":20,"column":6},"end":{"line":20,"column":60}}]},"2":{"loc":{"start":{"line":33,"column":2},"end":{"line":37,"column":3}},"type":"if","locations":[{"start":{"line":33,"column":2},"end":{"line":37,"column":3}},{"start":{"line":35,"column":9},"end":{"line":37,"column":3}}]},"3":{"loc":{"start":{"line":101,"column":25},"end":{"line":102,"column":65}},"type":"binary-expr","locations":[{"start":{"line":101,"column":25},"end":{"line":101,"column":111}},{"start":{"line":102,"column":2},"end":{"line":102,"column":65}}]},"4":{"loc":{"start":{"line":243,"column":4},"end":{"line":249,"column":5}},"type":"if","locations":[{"start":{"line":243,"column":4},"end":{"line":249,"column":5}}]},"5":{"loc":{"start":{"line":243,"column":8},"end":{"line":243,"column":94}},"type":"binary-expr","locations":[{"start":{"line":243,"column":8},"end":{"line":243,"column":25}},{"start":{"line":243,"column":29},"end":{"line":243,"column":40}},{"start":{"line":243,"column":44},"end":{"line":243,"column":59}},{"start":{"line":243,"column":63},"end":{"line":243,"column":70}},{"start":{"line":243,"column":74},"end":{"line":243,"column":94}}]},"6":{"loc":{"start":{"line":256,"column":27},"end":{"line":256,"column":37}},"type":"binary-expr","locations":[{"start":{"line":256,"column":27},"end":{"line":256,"column":31}},{"start":{"line":256,"column":35},"end":{"line":256,"column":37}}]},"7":{"loc":{"start":{"line":257,"column":27},"end":{"line":257,"column":39}},"type":"binary-expr","locations":[{"start":{"line":257,"column":27},"end":{"line":257,"column":34}},{"start":{"line":257,"column":38},"end":{"line":257,"column":39}}]},"8":{"loc":{"start":{"line":258,"column":27},"end":{"line":258,"column":58}},"type":"binary-expr","locations":[{"start":{"line":258,"column":27},"end":{"line":258,"column":45}},{"start":{"line":258,"column":49},"end":{"line":258,"column":58}}]},"9":{"loc":{"start":{"line":274,"column":4},"end":{"line":277,"column":5}},"type":"if","locations":[{"start":{"line":274,"column":4},"end":{"line":277,"column":5}}]},"10":{"loc":{"start":{"line":349,"column":4},"end":{"line":352,"column":5}},"type":"if","locations":[{"start":{"line":349,"column":4},"end":{"line":352,"column":5}}]},"11":{"loc":{"start":{"line":354,"column":4},"end":{"line":357,"column":5}},"type":"if","locations":[{"start":{"line":354,"column":4},"end":{"line":357,"column":5}}]},"12":{"loc":{"start":{"line":359,"column":4},"end":{"line":362,"column":5}},"type":"if","locations":[{"start":{"line":359,"column":4},"end":{"line":362,"column":5}}]},"13":{"loc":{"start":{"line":437,"column":4},"end":{"line":440,"column":5}},"type":"if","locations":[{"start":{"line":437,"column":4},"end":{"line":440,"column":5}}]},"14":{"loc":{"start":{"line":444,"column":19},"end":{"line":446,"column":73}},"type":"cond-expr","locations":[{"start":{"line":445,"column":8},"end":{"line":445,"column":73}},{"start":{"line":446,"column":8},"end":{"line":446,"column":73}}]},"15":{"loc":{"start":{"line":450,"column":4},"end":{"line":453,"column":5}},"type":"if","locations":[{"start":{"line":450,"column":4},"end":{"line":453,"column":5}}]}},"s":{"0":4,"1":4,"2":4,"3":4,"4":4,"5":4,"6":4,"7":4,"8":4,"9":4,"10":28,"11":28,"12":28,"13":28,"14":0,"15":28,"16":4,"17":28,"18":28,"19":28,"20":28,"21":4,"22":4,"23":4,"24":4,"25":4,"26":4,"27":0,"28":4,"29":10,"30":10,"31":10,"32":6,"33":6,"34":4,"35":4,"36":2,"37":2,"38":2,"39":1,"40":1,"41":1,"42":1,"43":16,"44":4,"45":10,"46":10,"47":10,"48":10,"49":1,"50":1,"51":9,"52":2,"53":2,"54":7,"55":1,"56":1,"57":6,"58":6,"59":6,"60":5,"61":1,"62":1,"63":4,"64":8,"65":8,"66":8,"67":8,"68":1,"69":1,"70":7,"71":7,"72":7,"73":6,"74":2,"75":2,"76":4,"77":1,"78":1},"f":{"0":28,"1":28,"2":28,"3":0,"4":10,"5":16,"6":10,"7":8},"b":{"0":[4,0],"1":[4,0],"2":[0,28],"3":[4,4],"4":[6],"5":[10,8,7,6,5],"6":[4,0],"7":[4,1],"8":[4,0],"9":[1],"10":[1],"11":[2],"12":[1],"13":[1],"14":[4,3],"15":[2]}}
}
