TN:
SF:index.ts
FN:29,(anonymous_10)
FN:42,(anonymous_11)
FN:44,(anonymous_12)
FN:169,(anonymous_13)
FN:239,(anonymous_14)
FN:286,escapeRegex
FN:344,(anonymous_16)
FN:432,(anonymous_17)
FNF:8
FNH:7
FNDA:28,(anonymous_10)
FNDA:28,(anonymous_11)
FNDA:28,(anonymous_12)
FNDA:0,(anonymous_13)
FNDA:10,(anonymous_14)
FNDA:16,escapeRegex
FNDA:10,(anonymous_16)
FNDA:8,(anonymous_17)
DA:7,4
DA:8,4
DA:9,4
DA:10,4
DA:11,4
DA:16,4
DA:24,4
DA:26,4
DA:29,4
DA:30,28
DA:31,28
DA:32,28
DA:33,28
DA:34,0
DA:36,28
DA:42,4
DA:43,28
DA:44,28
DA:45,28
DA:52,28
DA:74,4
DA:95,4
DA:101,4
DA:107,4
DA:168,4
DA:169,4
DA:239,4
DA:240,10
DA:241,10
DA:243,10
DA:244,6
DA:248,6
DA:251,4
DA:264,4
DA:266,2
DA:273,2
DA:274,2
DA:275,1
DA:276,1
DA:278,1
DA:279,1
DA:286,4
DA:287,16
DA:344,4
DA:345,10
DA:346,10
DA:347,10
DA:349,10
DA:350,1
DA:351,1
DA:354,9
DA:355,2
DA:356,2
DA:359,7
DA:360,1
DA:361,1
DA:364,6
DA:365,6
DA:366,6
DA:376,5
DA:379,1
DA:380,1
DA:432,4
DA:433,8
DA:434,8
DA:435,8
DA:437,8
DA:438,1
DA:439,1
DA:442,7
DA:444,7
DA:448,7
DA:450,6
DA:451,2
DA:452,2
DA:455,4
DA:458,1
DA:459,1
LF:78
LH:77
BRDA:17,0,0,4
BRDA:17,0,1,0
BRDA:18,1,0,4
BRDA:18,1,1,0
BRDA:33,2,0,0
BRDA:33,2,1,28
BRDA:101,3,0,4
BRDA:101,3,1,4
BRDA:243,4,0,6
BRDA:243,5,0,10
BRDA:243,5,1,8
BRDA:243,5,2,7
BRDA:243,5,3,6
BRDA:243,5,4,5
BRDA:256,6,0,4
BRDA:256,6,1,0
BRDA:257,7,0,4
BRDA:257,7,1,1
BRDA:258,8,0,4
BRDA:258,8,1,0
BRDA:274,9,0,1
BRDA:349,10,0,1
BRDA:354,11,0,2
BRDA:359,12,0,1
BRDA:437,13,0,1
BRDA:444,14,0,4
BRDA:444,14,1,3
BRDA:450,15,0,2
BRF:28
BRH:23
end_of_record
